# JRE version: OpenJDK Runtime Environment Temurin-17.0.8.1+1 (17.0.8.1+1) (build 17.0.8.1+1)
# Java VM: OpenJDK 64-Bit Server VM Temurin-17.0.8.1+1 (17.0.8.1+1, mixed mode, tiered, compressed oops, compressed class ptrs, g1 gc, windows-amd64)
GC Precious Log:
 CPUs: 8 total, 8 available
 Memory: 16126M
 Large Page Support: Disabled
 NUMA Support: Disabled
 Compressed Oops: Enabled (Zero based)
 Heap Region Size: 2M
 Heap Min Capacity: 8M
 Heap Initial Capacity: 252M
 Heap Max Capacity: 4032M
 Pre-touch: Disabled
 Parallel Workers: 8
 Concurrent Workers: 2
 Concurrent Refinement Workers: 8
 Periodic GC: Disabled
Heap:
 garbage-first heap   total 184320K, used 99518K [0x0000000704000000, 0x0000000800000000)
  region size 2048K, 21 young (43008K), 3 survivors (6144K)
 Metaspace       used 43097K, committed 43520K, reserved 1114112K
  class space    used 4661K, committed 4800K, reserved 1048576K
GC Heap History (20 events):
Event: 0.929 GC heap before
{Heap before GC invocations=2 (full 0):
 garbage-first heap   total 258048K, used 18032K [0x0000000704000000, 0x0000000800000000)
  region size 2048K, 8 young (16384K), 1 survivors (2048K)
 Metaspace       used 21332K, committed 21504K, reserved 1114112K
  class space    used 2290K, committed 2368K, reserved 1048576K
}
Event: 0.931 GC heap after
{Heap after GC invocations=3 (full 0):
 garbage-first heap   total 258048K, used 6896K [0x0000000704000000, 0x0000000800000000)
  region size 2048K, 2 young (4096K), 2 survivors (4096K)
 Metaspace       used 21332K, committed 21504K, reserved 1114112K
  class space    used 2290K, committed 2368K, reserved 1048576K
}
Event: 1.199 GC heap before
{Heap before GC invocations=4 (full 0):
 garbage-first heap   total 40960K, used 27376K [0x0000000704000000, 0x0000000800000000)
  region size 2048K, 13 young (26624K), 2 survivors (4096K)
 Metaspace       used 24612K, committed 24832K, reserved 1114112K
  class space    used 2651K, committed 2752K, reserved 1048576K
}
Event: 1.203 GC heap after
{Heap after GC invocations=5 (full 0):
 garbage-first heap   total 40960K, used 9220K [0x0000000704000000, 0x0000000800000000)
  region size 2048K, 3 young (6144K), 3 survivors (6144K)
 Metaspace       used 24612K, committed 24832K, reserved 1114112K
  class space    used 2651K, committed 2752K, reserved 1048576K
}
Event: 1.214 GC heap before
{Heap before GC invocations=5 (full 0):
 garbage-first heap   total 40960K, used 11268K [0x0000000704000000, 0x0000000800000000)
  region size 2048K, 4 young (8192K), 3 survivors (6144K)
 Metaspace       used 24649K, committed 24832K, reserved 1114112K
  class space    used 2651K, committed 2752K, reserved 1048576K
}
Event: 1.219 GC heap after
{Heap after GC invocations=6 (full 0):
 garbage-first heap   total 40960K, used 10039K [0x0000000704000000, 0x0000000800000000)
  region size 2048K, 1 young (2048K), 1 survivors (2048K)
 Metaspace       used 24649K, committed 24832K, reserved 1114112K
  class space    used 2651K, committed 2752K, reserved 1048576K
}
Event: 1.342 GC heap before
{Heap before GC invocations=6 (full 0):
 garbage-first heap   total 40960K, used 26423K [0x0000000704000000, 0x0000000800000000)
  region size 2048K, 9 young (18432K), 1 survivors (2048K)
 Metaspace       used 25216K, committed 25408K, reserved 1114112K
  class space    used 2707K, committed 2816K, reserved 1048576K
}
Event: 1.346 GC heap after
{Heap after GC invocations=7 (full 0):
 garbage-first heap   total 149504K, used 11651K [0x0000000704000000, 0x0000000800000000)
  region size 2048K, 2 young (4096K), 2 survivors (4096K)
 Metaspace       used 25216K, committed 25408K, reserved 1114112K
  class space    used 2707K, committed 2816K, reserved 1048576K
}
Event: 2.005 GC heap before
{Heap before GC invocations=7 (full 0):
 garbage-first heap   total 149504K, used 95619K [0x0000000704000000, 0x0000000800000000)
  region size 2048K, 43 young (88064K), 2 survivors (4096K)
 Metaspace       used 29118K, committed 29376K, reserved 1114112K
  class space    used 3088K, committed 3200K, reserved 1048576K
}
Event: 2.010 GC heap after
{Heap after GC invocations=8 (full 0):
 garbage-first heap   total 149504K, used 15688K [0x0000000704000000, 0x0000000800000000)
  region size 2048K, 4 young (8192K), 4 survivors (8192K)
 Metaspace       used 29118K, committed 29376K, reserved 1114112K
  class space    used 3088K, committed 3200K, reserved 1048576K
}
Event: 2.544 GC heap before
{Heap before GC invocations=8 (full 0):
 garbage-first heap   total 149504K, used 87368K [0x0000000704000000, 0x0000000800000000)
  region size 2048K, 40 young (81920K), 4 survivors (8192K)
 Metaspace       used 35696K, committed 35968K, reserved 1114112K
  class space    used 3838K, committed 3968K, reserved 1048576K
}
Event: 2.557 GC heap after
{Heap after GC invocations=9 (full 0):
 garbage-first heap   total 149504K, used 31393K [0x0000000704000000, 0x0000000800000000)
  region size 2048K, 6 young (12288K), 6 survivors (12288K)
 Metaspace       used 35696K, committed 35968K, reserved 1114112K
  class space    used 3838K, committed 3968K, reserved 1048576K
}
Event: 3.214 GC heap before
{Heap before GC invocations=10 (full 0):
 garbage-first heap   total 116736K, used 88737K [0x0000000704000000, 0x0000000800000000)
  region size 2048K, 34 young (69632K), 6 survivors (12288K)
 Metaspace       used 39186K, committed 39552K, reserved 1114112K
  class space    used 4239K, committed 4416K, reserved 1048576K
}
Event: 3.223 GC heap after
{Heap after GC invocations=11 (full 0):
 garbage-first heap   total 116736K, used 35596K [0x0000000704000000, 0x0000000800000000)
  region size 2048K, 2 young (4096K), 2 survivors (4096K)
 Metaspace       used 39186K, committed 39552K, reserved 1114112K
  class space    used 4239K, committed 4416K, reserved 1048576K
}
Event: 3.263 GC heap before
{Heap before GC invocations=11 (full 0):
 garbage-first heap   total 116736K, used 37644K [0x0000000704000000, 0x0000000800000000)
  region size 2048K, 3 young (6144K), 2 survivors (4096K)
 Metaspace       used 39270K, committed 39680K, reserved 1114112K
  class space    used 4247K, committed 4480K, reserved 1048576K
}
Event: 3.270 GC heap after
{Heap after GC invocations=12 (full 0):
 garbage-first heap   total 116736K, used 36469K [0x0000000704000000, 0x0000000800000000)
  region size 2048K, 1 young (2048K), 1 survivors (2048K)
 Metaspace       used 39270K, committed 39680K, reserved 1114112K
  class space    used 4247K, committed 4480K, reserved 1048576K
}
Event: 3.513 GC heap before
{Heap before GC invocations=12 (full 0):
 garbage-first heap   total 116736K, used 83573K [0x0000000704000000, 0x0000000800000000)
  region size 2048K, 24 young (49152K), 1 survivors (2048K)
 Metaspace       used 40300K, committed 40640K, reserved 1114112K
  class space    used 4313K, committed 4480K, reserved 1048576K
}
Event: 3.518 GC heap after
{Heap after GC invocations=13 (full 0):
 garbage-first heap   total 116736K, used 38452K [0x0000000704000000, 0x0000000800000000)
  region size 2048K, 2 young (4096K), 2 survivors (4096K)
 Metaspace       used 40300K, committed 40640K, reserved 1114112K
  class space    used 4313K, committed 4480K, reserved 1048576K
}
Event: 3.690 GC heap before
{Heap before GC invocations=13 (full 0):
 garbage-first heap   total 116736K, used 75316K [0x0000000704000000, 0x0000000800000000)
  region size 2048K, 13 young (26624K), 2 survivors (4096K)
 Metaspace       used 42050K, committed 42496K, reserved 1114112K
  class space    used 4548K, committed 4736K, reserved 1048576K
}
Event: 3.692 GC heap after
{Heap after GC invocations=14 (full 0):
 garbage-first heap   total 184320K, used 56510K [0x0000000704000000, 0x0000000800000000)
  region size 2048K, 3 young (6144K), 3 survivors (6144K)
 Metaspace       used 42050K, committed 42496K, reserved 1114112K
  class space    used 4548K, committed 4736K, reserved 1048576K
}

